<?xml version="1.0" encoding="UTF-8"?>
<!-- Generated by org.testng.reporters.JUnitReportReporter -->
<testsuite hostname="DESKTOP-JA3VV36" failures="0" tests="1" name="scripts.Testacse" time="38.260" errors="0" timestamp="2022-05-05T12:00:02 IST" skipped="0">
  <testcase classname="scripts.Testacse" name="tc1" time="38.260"/>
  <system-out/>
</testsuite> <!-- scripts.Testacse -->
